Started GET "/" for ::1 at 2017-10-17 19:58:43 -0400
  
ActiveRecord::PendingMigrationError (

Migrations are pending. To resolve this issue, run:

        bin/rails db:migrate RAILS_ENV=development

):
  
activerecord (5.0.6) lib/active_record/migration.rb:573:in `check_pending!'
activerecord (5.0.6) lib/active_record/migration.rb:549:in `call'
actionpack (5.0.6) lib/action_dispatch/middleware/callbacks.rb:38:in `block in call'
activesupport (5.0.6) lib/active_support/callbacks.rb:97:in `__run_callbacks__'
activesupport (5.0.6) lib/active_support/callbacks.rb:750:in `_run_call_callbacks'
activesupport (5.0.6) lib/active_support/callbacks.rb:90:in `run_callbacks'
actionpack (5.0.6) lib/action_dispatch/middleware/callbacks.rb:36:in `call'
actionpack (5.0.6) lib/action_dispatch/middleware/executor.rb:12:in `call'
actionpack (5.0.6) lib/action_dispatch/middleware/remote_ip.rb:79:in `call'
actionpack (5.0.6) lib/action_dispatch/middleware/debug_exceptions.rb:49:in `call'
web-console (2.3.0) lib/web_console/middleware.rb:28:in `block in call'
web-console (2.3.0) lib/web_console/middleware.rb:18:in `catch'
web-console (2.3.0) lib/web_console/middleware.rb:18:in `call'
actionpack (5.0.6) lib/action_dispatch/middleware/show_exceptions.rb:31:in `call'
railties (5.0.6) lib/rails/rack/logger.rb:36:in `call_app'
railties (5.0.6) lib/rails/rack/logger.rb:24:in `block in call'
activesupport (5.0.6) lib/active_support/tagged_logging.rb:69:in `block in tagged'
activesupport (5.0.6) lib/active_support/tagged_logging.rb:26:in `tagged'
activesupport (5.0.6) lib/active_support/tagged_logging.rb:69:in `tagged'
railties (5.0.6) lib/rails/rack/logger.rb:24:in `call'
sprockets-rails (3.2.1) lib/sprockets/rails/quiet_assets.rb:13:in `call'
actionpack (5.0.6) lib/action_dispatch/middleware/request_id.rb:24:in `call'
rack (2.0.3) lib/rack/method_override.rb:22:in `call'
rack (2.0.3) lib/rack/runtime.rb:22:in `call'
activesupport (5.0.6) lib/active_support/cache/strategy/local_cache_middleware.rb:28:in `call'
actionpack (5.0.6) lib/action_dispatch/middleware/executor.rb:12:in `call'
actionpack (5.0.6) lib/action_dispatch/middleware/static.rb:136:in `call'
rack (2.0.3) lib/rack/sendfile.rb:111:in `call'
railties (5.0.6) lib/rails/engine.rb:522:in `call'
rack (2.0.3) lib/rack/handler/webrick.rb:86:in `service'
/Users/Denis/.rbenv/versions/2.4.1/lib/ruby/2.4.0/webrick/httpserver.rb:140:in `service'
/Users/Denis/.rbenv/versions/2.4.1/lib/ruby/2.4.0/webrick/httpserver.rb:96:in `run'
/Users/Denis/.rbenv/versions/2.4.1/lib/ruby/2.4.0/webrick/server.rb:290:in `block in start_thread'
  Rendering /Users/Denis/.rbenv/versions/2.4.1/lib/ruby/gems/2.4.0/gems/actionpack-5.0.6/lib/action_dispatch/middleware/templates/rescues/diagnostics.html.erb within rescues/layout
  Rendering /Users/Denis/.rbenv/versions/2.4.1/lib/ruby/gems/2.4.0/gems/actionpack-5.0.6/lib/action_dispatch/middleware/templates/rescues/_source.html.erb
  Rendered /Users/Denis/.rbenv/versions/2.4.1/lib/ruby/gems/2.4.0/gems/actionpack-5.0.6/lib/action_dispatch/middleware/templates/rescues/_source.html.erb (2.0ms)
  Rendering /Users/Denis/.rbenv/versions/2.4.1/lib/ruby/gems/2.4.0/gems/actionpack-5.0.6/lib/action_dispatch/middleware/templates/rescues/_trace.html.erb
  Rendered /Users/Denis/.rbenv/versions/2.4.1/lib/ruby/gems/2.4.0/gems/actionpack-5.0.6/lib/action_dispatch/middleware/templates/rescues/_trace.html.erb (2.1ms)
  Rendering /Users/Denis/.rbenv/versions/2.4.1/lib/ruby/gems/2.4.0/gems/actionpack-5.0.6/lib/action_dispatch/middleware/templates/rescues/_request_and_response.html.erb
  Rendered /Users/Denis/.rbenv/versions/2.4.1/lib/ruby/gems/2.4.0/gems/actionpack-5.0.6/lib/action_dispatch/middleware/templates/rescues/_request_and_response.html.erb (0.7ms)
  Rendered /Users/Denis/.rbenv/versions/2.4.1/lib/ruby/gems/2.4.0/gems/actionpack-5.0.6/lib/action_dispatch/middleware/templates/rescues/diagnostics.html.erb within rescues/layout (93.3ms)
DEPRECATION WARNING: Accessing mime types via constants is deprecated. Please change `Mime::HTML` to `Mime[:html]`. (called from acceptable_content_type? at /Users/Denis/.rbenv/versions/2.4.1/lib/ruby/gems/2.4.0/gems/web-console-2.3.0/lib/web_console/middleware.rb:58)
  Rendering /Users/Denis/.rbenv/versions/2.4.1/lib/ruby/gems/2.4.0/gems/web-console-2.3.0/lib/web_console/templates/index.html.erb
  Rendered /Users/Denis/.rbenv/versions/2.4.1/lib/ruby/gems/2.4.0/gems/web-console-2.3.0/lib/web_console/templates/_markup.html.erb (0.4ms)
  Rendering /Users/Denis/.rbenv/versions/2.4.1/lib/ruby/gems/2.4.0/gems/web-console-2.3.0/lib/web_console/templates/console.js.erb within layouts/javascript
  Rendering /Users/Denis/.rbenv/versions/2.4.1/lib/ruby/gems/2.4.0/gems/web-console-2.3.0/lib/web_console/templates/_inner_console_markup.html.erb within layouts/inlined_string
  Rendered /Users/Denis/.rbenv/versions/2.4.1/lib/ruby/gems/2.4.0/gems/web-console-2.3.0/lib/web_console/templates/_inner_console_markup.html.erb within layouts/inlined_string (0.3ms)
  Rendering /Users/Denis/.rbenv/versions/2.4.1/lib/ruby/gems/2.4.0/gems/web-console-2.3.0/lib/web_console/templates/_prompt_box_markup.html.erb within layouts/inlined_string
  Rendered /Users/Denis/.rbenv/versions/2.4.1/lib/ruby/gems/2.4.0/gems/web-console-2.3.0/lib/web_console/templates/_prompt_box_markup.html.erb within layouts/inlined_string (0.3ms)
  Rendering /Users/Denis/.rbenv/versions/2.4.1/lib/ruby/gems/2.4.0/gems/web-console-2.3.0/lib/web_console/templates/style.css.erb within layouts/inlined_string
  Rendered /Users/Denis/.rbenv/versions/2.4.1/lib/ruby/gems/2.4.0/gems/web-console-2.3.0/lib/web_console/templates/style.css.erb within layouts/inlined_string (0.6ms)
DEPRECATION WARNING: Accessing mime types via constants is deprecated. Please change `Mime::WEB_CONSOLE_V2` to `Mime[:web_console_v2]`. (called from ___sers__enis__rbenv_versions_______lib_ruby_gems_______gems_web_console_______lib_web_console_templates_console_js_erb___4583845748645760545_70222796055600 at /Users/Denis/.rbenv/versions/2.4.1/lib/ruby/gems/2.4.0/gems/web-console-2.3.0/lib/web_console/templates/console.js.erb:491)
  Rendered /Users/Denis/.rbenv/versions/2.4.1/lib/ruby/gems/2.4.0/gems/web-console-2.3.0/lib/web_console/templates/console.js.erb within layouts/javascript (101.5ms)
  Rendering /Users/Denis/.rbenv/versions/2.4.1/lib/ruby/gems/2.4.0/gems/web-console-2.3.0/lib/web_console/templates/main.js.erb within layouts/javascript
  Rendered /Users/Denis/.rbenv/versions/2.4.1/lib/ruby/gems/2.4.0/gems/web-console-2.3.0/lib/web_console/templates/main.js.erb within layouts/javascript (0.5ms)
  Rendering /Users/Denis/.rbenv/versions/2.4.1/lib/ruby/gems/2.4.0/gems/web-console-2.3.0/lib/web_console/templates/error_page.js.erb within layouts/javascript
  Rendered /Users/Denis/.rbenv/versions/2.4.1/lib/ruby/gems/2.4.0/gems/web-console-2.3.0/lib/web_console/templates/error_page.js.erb within layouts/javascript (0.4ms)
  Rendered /Users/Denis/.rbenv/versions/2.4.1/lib/ruby/gems/2.4.0/gems/web-console-2.3.0/lib/web_console/templates/index.html.erb (222.7ms)
  [1m[35m (3.6ms)[0m  [1m[35mCREATE TABLE "schema_migrations" ("version" varchar NOT NULL PRIMARY KEY)[0m
  [1m[35m (0.8ms)[0m  [1m[35mCREATE TABLE "ar_internal_metadata" ("key" varchar NOT NULL PRIMARY KEY, "value" varchar, "created_at" datetime NOT NULL, "updated_at" datetime NOT NULL)[0m
  [1m[36mActiveRecord::SchemaMigration Load (0.2ms)[0m  [1m[34mSELECT "schema_migrations".* FROM "schema_migrations"[0m
Migrating to CreatePictures (20171016193520)
  [1m[35m (0.1ms)[0m  [1m[36mbegin transaction[0m
  [1m[35m (0.4ms)[0m  [1m[35mCREATE TABLE "pictures" ("id" INTEGER PRIMARY KEY AUTOINCREMENT NOT NULL, "artist" varchar, "title" varchar, "url" varchar, "created_at" datetime NOT NULL, "updated_at" datetime NOT NULL)[0m
  [1m[35mSQL (0.2ms)[0m  [1m[32mINSERT INTO "schema_migrations" ("version") VALUES (?)[0m  [["version", "20171016193520"]]
  [1m[35m (0.9ms)[0m  [1m[36mcommit transaction[0m
  [1m[36mActiveRecord::InternalMetadata Load (0.6ms)[0m  [1m[34mSELECT  "ar_internal_metadata".* FROM "ar_internal_metadata" WHERE "ar_internal_metadata"."key" = ? LIMIT ?[0m  [["key", "environment"], ["LIMIT", 1]]
  [1m[35m (0.1ms)[0m  [1m[36mbegin transaction[0m
  [1m[35mSQL (1.0ms)[0m  [1m[32mINSERT INTO "ar_internal_metadata" ("key", "value", "created_at", "updated_at") VALUES (?, ?, ?, ?)[0m  [["key", "environment"], ["value", "development"], ["created_at", "2017-10-17 23:59:07.809049"], ["updated_at", "2017-10-17 23:59:07.809049"]]
  [1m[35m (0.7ms)[0m  [1m[36mcommit transaction[0m
  [1m[36mActiveRecord::SchemaMigration Load (0.1ms)[0m  [1m[34mSELECT "schema_migrations".* FROM "schema_migrations"[0m
Started GET "/" for ::1 at 2017-10-17 19:59:17 -0400
  [1m[36mActiveRecord::SchemaMigration Load (0.2ms)[0m  [1m[34mSELECT "schema_migrations".* FROM "schema_migrations"[0m
Processing by PicturesController#index as HTML
Completed 500 Internal Server Error in 1ms (ActiveRecord: 0.0ms)


  
SyntaxError (/Users/Denis/Desktop/bitmaker/projects/Photogur-ActiveRecord-Queries/photogur-2/app/models/picture.rb:4: syntax error, unexpected ':', expecting ')'
   Picture.order(:created_at :desc)
                              ^
/Users/Denis/Desktop/bitmaker/projects/Photogur-ActiveRecord-Queries/photogur-2/app/models/picture.rb:15: syntax error, unexpected end-of-input, expecting keyword_end):
  
app/models/picture.rb:4: syntax error, unexpected ':', expecting ')'
app/models/picture.rb:15: syntax error, unexpected end-of-input, expecting keyword_end
app/controllers/pictures_controller.rb:4:in `index'
  Rendering /Users/Denis/.rbenv/versions/2.4.1/lib/ruby/gems/2.4.0/gems/actionpack-5.0.6/lib/action_dispatch/middleware/templates/rescues/diagnostics.html.erb within rescues/layout
  Rendering /Users/Denis/.rbenv/versions/2.4.1/lib/ruby/gems/2.4.0/gems/actionpack-5.0.6/lib/action_dispatch/middleware/templates/rescues/_source.html.erb
  Rendered /Users/Denis/.rbenv/versions/2.4.1/lib/ruby/gems/2.4.0/gems/actionpack-5.0.6/lib/action_dispatch/middleware/templates/rescues/_source.html.erb (4.6ms)
  Rendering /Users/Denis/.rbenv/versions/2.4.1/lib/ruby/gems/2.4.0/gems/actionpack-5.0.6/lib/action_dispatch/middleware/templates/rescues/_trace.html.erb
  Rendered /Users/Denis/.rbenv/versions/2.4.1/lib/ruby/gems/2.4.0/gems/actionpack-5.0.6/lib/action_dispatch/middleware/templates/rescues/_trace.html.erb (2.0ms)
  Rendering /Users/Denis/.rbenv/versions/2.4.1/lib/ruby/gems/2.4.0/gems/actionpack-5.0.6/lib/action_dispatch/middleware/templates/rescues/_request_and_response.html.erb
  Rendered /Users/Denis/.rbenv/versions/2.4.1/lib/ruby/gems/2.4.0/gems/actionpack-5.0.6/lib/action_dispatch/middleware/templates/rescues/_request_and_response.html.erb (9.4ms)
  Rendered /Users/Denis/.rbenv/versions/2.4.1/lib/ruby/gems/2.4.0/gems/actionpack-5.0.6/lib/action_dispatch/middleware/templates/rescues/diagnostics.html.erb within rescues/layout (98.9ms)
DEPRECATION WARNING: Accessing mime types via constants is deprecated. Please change `Mime::HTML` to `Mime[:html]`. (called from acceptable_content_type? at /Users/Denis/.rbenv/versions/2.4.1/lib/ruby/gems/2.4.0/gems/web-console-2.3.0/lib/web_console/middleware.rb:58)
  Rendering /Users/Denis/.rbenv/versions/2.4.1/lib/ruby/gems/2.4.0/gems/web-console-2.3.0/lib/web_console/templates/index.html.erb
  Rendered /Users/Denis/.rbenv/versions/2.4.1/lib/ruby/gems/2.4.0/gems/web-console-2.3.0/lib/web_console/templates/_markup.html.erb (0.4ms)
  Rendering /Users/Denis/.rbenv/versions/2.4.1/lib/ruby/gems/2.4.0/gems/web-console-2.3.0/lib/web_console/templates/console.js.erb within layouts/javascript
  Rendering /Users/Denis/.rbenv/versions/2.4.1/lib/ruby/gems/2.4.0/gems/web-console-2.3.0/lib/web_console/templates/_inner_console_markup.html.erb within layouts/inlined_string
  Rendered /Users/Denis/.rbenv/versions/2.4.1/lib/ruby/gems/2.4.0/gems/web-console-2.3.0/lib/web_console/templates/_inner_console_markup.html.erb within layouts/inlined_string (0.3ms)
  Rendering /Users/Denis/.rbenv/versions/2.4.1/lib/ruby/gems/2.4.0/gems/web-console-2.3.0/lib/web_console/templates/_prompt_box_markup.html.erb within layouts/inlined_string
  Rendered /Users/Denis/.rbenv/versions/2.4.1/lib/ruby/gems/2.4.0/gems/web-console-2.3.0/lib/web_console/templates/_prompt_box_markup.html.erb within layouts/inlined_string (0.3ms)
  Rendering /Users/Denis/.rbenv/versions/2.4.1/lib/ruby/gems/2.4.0/gems/web-console-2.3.0/lib/web_console/templates/style.css.erb within layouts/inlined_string
  Rendered /Users/Denis/.rbenv/versions/2.4.1/lib/ruby/gems/2.4.0/gems/web-console-2.3.0/lib/web_console/templates/style.css.erb within layouts/inlined_string (0.3ms)
DEPRECATION WARNING: Accessing mime types via constants is deprecated. Please change `Mime::WEB_CONSOLE_V2` to `Mime[:web_console_v2]`. (called from ___sers__enis__rbenv_versions_______lib_ruby_gems_______gems_web_console_______lib_web_console_templates_console_js_erb___4583845748645760545_70222793968880 at /Users/Denis/.rbenv/versions/2.4.1/lib/ruby/gems/2.4.0/gems/web-console-2.3.0/lib/web_console/templates/console.js.erb:491)
  Rendered /Users/Denis/.rbenv/versions/2.4.1/lib/ruby/gems/2.4.0/gems/web-console-2.3.0/lib/web_console/templates/console.js.erb within layouts/javascript (86.7ms)
  Rendering /Users/Denis/.rbenv/versions/2.4.1/lib/ruby/gems/2.4.0/gems/web-console-2.3.0/lib/web_console/templates/main.js.erb within layouts/javascript
  Rendered /Users/Denis/.rbenv/versions/2.4.1/lib/ruby/gems/2.4.0/gems/web-console-2.3.0/lib/web_console/templates/main.js.erb within layouts/javascript (0.3ms)
  Rendering /Users/Denis/.rbenv/versions/2.4.1/lib/ruby/gems/2.4.0/gems/web-console-2.3.0/lib/web_console/templates/error_page.js.erb within layouts/javascript
  Rendered /Users/Denis/.rbenv/versions/2.4.1/lib/ruby/gems/2.4.0/gems/web-console-2.3.0/lib/web_console/templates/error_page.js.erb within layouts/javascript (0.4ms)
  Rendered /Users/Denis/.rbenv/versions/2.4.1/lib/ruby/gems/2.4.0/gems/web-console-2.3.0/lib/web_console/templates/index.html.erb (189.9ms)
Started GET "/" for ::1 at 2017-10-17 20:00:42 -0400
Processing by PicturesController#index as HTML
  Rendering pictures/index.html.erb within layouts/application
  [1m[36mPicture Load (0.3ms)[0m  [1m[34mSELECT "pictures".* FROM "pictures"[0m
  Rendered pictures/index.html.erb within layouts/application (2.0ms)
Completed 200 OK in 433ms (Views: 428.3ms | ActiveRecord: 0.5ms)


  [1m[36mActiveRecord::SchemaMigration Load (0.2ms)[0m  [1m[34mSELECT "schema_migrations".* FROM "schema_migrations"[0m
  [1m[35m (0.1ms)[0m  [1m[36mbegin transaction[0m
  [1m[35mSQL (0.4ms)[0m  [1m[32mINSERT INTO "pictures" ("artist", "title", "url", "created_at", "updated_at") VALUES (?, ?, ?, ?, ?)[0m  [["artist", "Sergey Er`shov"], ["title", "The old church on the coast of White sea"], ["url", "http://bitmakerlabs.s3.amazonaws.com/photogur/house.jpg"], ["created_at", "2017-10-18 00:02:14.581237"], ["updated_at", "2017-10-18 00:02:14.581237"]]
  [1m[35m (3.3ms)[0m  [1m[36mcommit transaction[0m
  [1m[35m (0.0ms)[0m  [1m[36mbegin transaction[0m
  [1m[35mSQL (0.3ms)[0m  [1m[32mINSERT INTO "pictures" ("artist", "title", "url", "created_at", "updated_at") VALUES (?, ?, ?, ?, ?)[0m  [["artist", "Stephen Scullion"], ["title", "Sea Power"], ["url", "http://bitmakerlabs.s3.amazonaws.com/photogur/wave.jpg"], ["created_at", "2017-10-18 00:02:14.586708"], ["updated_at", "2017-10-18 00:02:14.586708"]]
  [1m[35m (0.6ms)[0m  [1m[36mcommit transaction[0m
  [1m[35m (0.0ms)[0m  [1m[36mbegin transaction[0m
  [1m[35mSQL (0.2ms)[0m  [1m[32mINSERT INTO "pictures" ("artist", "title", "url", "created_at", "updated_at") VALUES (?, ?, ?, ?, ?)[0m  [["artist", "John Wilhelm"], ["title", "Into the Poppies"], ["url", "http://bitmakerlabs.s3.amazonaws.com/photogur/girl.jpg"], ["created_at", "2017-10-18 00:02:14.589105"], ["updated_at", "2017-10-18 00:02:14.589105"]]
  [1m[35m (0.5ms)[0m  [1m[36mcommit transaction[0m
Started GET "/" for ::1 at 2017-10-17 20:02:37 -0400
Processing by PicturesController#index as HTML
  Rendering pictures/index.html.erb within layouts/application
  [1m[36mPicture Load (0.2ms)[0m  [1m[34mSELECT "pictures".* FROM "pictures"[0m
  Rendered pictures/index.html.erb within layouts/application (6.6ms)
Completed 200 OK in 24ms (Views: 21.0ms | ActiveRecord: 0.5ms)


Started GET "/pictures/1" for ::1 at 2017-10-17 20:02:48 -0400
Processing by PicturesController#show as HTML
  Parameters: {"id"=>"1"}
  [1m[36mPicture Load (0.2ms)[0m  [1m[34mSELECT  "pictures".* FROM "pictures" WHERE "pictures"."id" = ? LIMIT ?[0m  [["id", 1], ["LIMIT", 1]]
  Rendering pictures/show.html.erb within layouts/application
  Rendered pictures/show.html.erb within layouts/application (0.7ms)
Completed 200 OK in 18ms (Views: 13.9ms | ActiveRecord: 0.2ms)


Started GET "/pictures/1/edit" for ::1 at 2017-10-17 20:02:53 -0400
Processing by PicturesController#edit as HTML
  Parameters: {"id"=>"1"}
  [1m[36mPicture Load (0.1ms)[0m  [1m[34mSELECT  "pictures".* FROM "pictures" WHERE "pictures"."id" = ? LIMIT ?[0m  [["id", 1], ["LIMIT", 1]]
  Rendering pictures/edit.html.erb within layouts/application
  Rendered pictures/edit.html.erb within layouts/application (10.8ms)
Completed 200 OK in 29ms (Views: 25.9ms | ActiveRecord: 0.1ms)


Started PATCH "/pictures/1" for ::1 at 2017-10-17 20:02:57 -0400
Processing by PicturesController#update as HTML
  Parameters: {"utf8"=>"✓", "authenticity_token"=>"2pvj/GBUvaxH9XGbCCyeKqEMBdjINYnjjWJAXLGhgalOajBC6ykLFnH9r9j+A5ew5wFdToAbB9PlMxp3HynbMg==", "picture"=>{"artist"=>"Sergey Ershov", "title"=>"The old church on the coast of White sea", "url"=>"http://bitmakerlabs.s3.amazonaws.com/photogur/house.jpg"}, "commit"=>"Update Picture", "id"=>"1"}
  [1m[36mPicture Load (0.1ms)[0m  [1m[34mSELECT  "pictures".* FROM "pictures" WHERE "pictures"."id" = ? LIMIT ?[0m  [["id", 1], ["LIMIT", 1]]
  [1m[35m (0.1ms)[0m  [1m[36mbegin transaction[0m
  [1m[35mSQL (0.3ms)[0m  [1m[33mUPDATE "pictures" SET "artist" = ?, "updated_at" = ? WHERE "pictures"."id" = ?[0m  [["artist", "Sergey Ershov"], ["updated_at", "2017-10-18 00:02:57.315639"], ["id", 1]]
  [1m[35m (3.2ms)[0m  [1m[36mcommit transaction[0m
Redirected to http://localhost:3000/pictures/1
Completed 302 Found in 7ms (ActiveRecord: 3.7ms)


Started GET "/pictures/1" for ::1 at 2017-10-17 20:02:57 -0400
Processing by PicturesController#show as HTML
  Parameters: {"id"=>"1"}
  [1m[36mPicture Load (0.2ms)[0m  [1m[34mSELECT  "pictures".* FROM "pictures" WHERE "pictures"."id" = ? LIMIT ?[0m  [["id", 1], ["LIMIT", 1]]
  Rendering pictures/show.html.erb within layouts/application
  Rendered pictures/show.html.erb within layouts/application (0.7ms)
Completed 200 OK in 19ms (Views: 15.2ms | ActiveRecord: 0.2ms)


Started GET "/pictures" for ::1 at 2017-10-17 20:03:04 -0400
Processing by PicturesController#index as HTML
  Rendering pictures/index.html.erb within layouts/application
  [1m[36mPicture Load (0.3ms)[0m  [1m[34mSELECT "pictures".* FROM "pictures"[0m
  Rendered pictures/index.html.erb within layouts/application (2.1ms)
Completed 200 OK in 22ms (Views: 20.4ms | ActiveRecord: 0.3ms)


